TN:
SF:src/index.ts
FN:26,get
FN:26,get
FN:6,<instance_members_initializer>
FN:9,Web3Eth
FN:13,getGasPrice
FN:18,<instance_members_initializer>
FNF:6
FNH:3
FNDA:0,get
FNDA:0,get
FNDA:1,<instance_members_initializer>
FNDA:1,Web3Eth
FNDA:1,getGasPrice
FNDA:0,<instance_members_initializer>
DA:1,1
DA:2,1
DA:3,1
DA:4,1
DA:5,1
DA:6,1
DA:7,1
DA:8,1
DA:9,1
DA:10,1
DA:11,1
DA:12,1
DA:13,1
DA:14,1
DA:15,1
DA:16,1
DA:17,1
DA:18,0
DA:19,0
DA:20,0
DA:21,0
DA:22,0
DA:23,0
DA:24,0
DA:25,1
DA:26,1
LF:26
LH:19
BRDA:6,0,0,1
BRDA:9,1,0,1
BRDA:13,2,0,1
BRDA:18,3,0,0
BRF:4
BRH:3
end_of_record
TN:
SF:src/rpc_method_wrappers/get_block.ts
FN:24,getBlock
FNF:1
FNH:0
FNDA:0,getBlock
DA:1,1
DA:2,1
DA:3,1
DA:4,1
DA:5,1
DA:6,1
DA:7,1
DA:8,1
DA:9,1
DA:10,1
DA:11,1
DA:12,1
DA:13,1
DA:14,1
DA:15,1
DA:16,1
DA:17,1
DA:18,1
DA:19,1
DA:20,1
DA:21,1
DA:22,1
DA:23,1
DA:24,1
DA:25,0
DA:26,0
DA:27,0
DA:28,0
DA:29,0
DA:30,0
DA:31,0
DA:32,0
DA:33,0
DA:34,0
DA:35,0
DA:36,0
DA:37,0
LF:37
LH:24
BRF:0
BRH:0
end_of_record
TN:
SF:src/rpc_method_wrappers/get_gas_price.ts
FN:5,getGasPrice
FNF:1
FNH:1
FNDA:1,getGasPrice
DA:1,1
DA:2,1
DA:3,1
DA:4,1
DA:5,1
DA:6,1
DA:7,1
DA:8,1
DA:9,1
DA:10,1
DA:11,1
DA:12,1
DA:13,1
LF:13
LH:13
BRDA:5,0,0,1
BRF:1
BRH:1
end_of_record
