TN:
SF:src/index.ts
FN:3,getGasPrice
FN:15,<instance_members_initializer>
FN:27,<instance_members_initializer>
FNF:3
FNH:1
FNDA:1,getGasPrice
FNDA:0,<instance_members_initializer>
FNDA:0,<instance_members_initializer>
DA:1,1
DA:2,1
DA:3,1
DA:4,1
DA:5,1
DA:6,1
DA:7,1
DA:8,1
DA:9,1
DA:10,1
DA:11,1
DA:12,1
DA:13,1
DA:14,1
DA:15,0
DA:16,0
DA:17,0
DA:18,0
DA:19,0
DA:20,0
DA:21,0
DA:22,0
DA:23,0
DA:24,0
DA:25,0
DA:26,1
DA:27,0
DA:28,0
DA:29,0
DA:30,0
DA:31,0
DA:32,0
DA:33,0
LF:33
LH:15
BRDA:3,0,0,1
BRDA:15,1,0,0
BRDA:27,2,0,0
BRF:3
BRH:1
end_of_record
