TN:
SF:lib/index.js
FN:1,Object.<anonymous>
FN:2,Object.<anonymous>.__importDefault
FN:10,<instance_members_initializer>
FN:44,<instance_members_initializer>
FN:51,WsProvider
FN:59,request
FN:75,_waitReady
FN:85,_onMessage
FN:92,_onClose
FNF:9
FNH:6
FNDA:1,Object.<anonymous>
FNDA:2,Object.<anonymous>.__importDefault
FNDA:0,<instance_members_initializer>
FNDA:1,<instance_members_initializer>
FNDA:1,WsProvider
FNDA:1,request
FNDA:1,_waitReady
FNDA:0,_onMessage
FNDA:0,_onClose
DA:1,1
DA:2,1
DA:3,2
DA:4,1
DA:5,1
DA:6,1
DA:7,1
DA:8,1
DA:9,1
DA:10,0
DA:11,0
DA:12,0
DA:13,0
DA:14,0
DA:15,0
DA:16,0
DA:17,0
DA:18,0
DA:19,0
DA:20,0
DA:21,0
DA:22,0
DA:23,0
DA:24,0
DA:25,0
DA:26,0
DA:27,0
DA:28,0
DA:29,0
DA:30,0
DA:31,0
DA:32,0
DA:33,0
DA:34,0
DA:35,1
DA:36,1
DA:37,1
DA:38,1
DA:39,1
DA:40,1
DA:41,1
DA:42,1
DA:43,1
DA:44,1
DA:45,1
DA:46,1
DA:47,1
DA:48,1
DA:49,1
DA:50,1
DA:51,1
DA:52,1
DA:53,1
DA:54,1
DA:55,1
DA:56,1
DA:57,1
DA:58,1
DA:59,1
DA:60,1
DA:61,1
DA:62,1
DA:63,1
DA:64,1
DA:65,0
DA:66,0
DA:67,0
DA:68,0
DA:69,0
DA:70,0
DA:71,1
DA:72,1
DA:73,1
DA:74,1
DA:75,1
DA:76,1
DA:77,1
DA:78,1
DA:79,0
DA:80,0
DA:81,0
DA:82,1
DA:83,1
DA:84,1
DA:85,1
DA:86,0
DA:87,0
DA:88,0
DA:89,0
DA:90,0
DA:91,0
DA:92,1
DA:93,0
DA:94,0
DA:95,0
DA:96,1
DA:97,1
LF:97
LH:54
BRDA:1,0,0,1
BRDA:1,1,0,1
BRDA:2,2,0,2
BRDA:3,3,0,0
BRDA:10,4,0,0
BRDA:37,5,0,1
BRDA:44,6,0,1
BRDA:51,7,0,1
BRDA:59,8,0,1
BRDA:61,9,0,0
BRDA:64,10,0,0
BRDA:75,11,0,1
BRDA:84,12,0,0
BRDA:77,13,0,1
BRF:14
BRH:9
end_of_record
