{"/home/anon/Public/code/spacesailor24/web3.js/packages/web3-core/lib/index.js": {"path":"/home/anon/Public/code/spacesailor24/web3.js/packages/web3-core/lib/index.js","all":false,"statementMap":{"0":{"start":{"line":1,"column":0},"end":{"line":1,"column":13}},"1":{"start":{"line":2,"column":0},"end":{"line":2,"column":62}},"2":{"start":{"line":3,"column":0},"end":{"line":3,"column":86}},"3":{"start":{"line":4,"column":0},"end":{"line":4,"column":20}},"4":{"start":{"line":5,"column":0},"end":{"line":5,"column":1}},"5":{"start":{"line":6,"column":0},"end":{"line":6,"column":19}},"6":{"start":{"line":7,"column":0},"end":{"line":7,"column":13}},"7":{"start":{"line":8,"column":0},"end":{"line":8,"column":35}},"8":{"start":{"line":9,"column":0},"end":{"line":9,"column":51}},"9":{"start":{"line":10,"column":0},"end":{"line":10,"column":45}},"10":{"start":{"line":11,"column":0},"end":{"line":11,"column":9}},"11":{"start":{"line":12,"column":0},"end":{"line":12,"column":14}},"12":{"start":{"line":13,"column":0},"end":{"line":13,"column":54}},"13":{"start":{"line":14,"column":0},"end":{"line":14,"column":9}},"14":{"start":{"line":15,"column":0},"end":{"line":15,"column":5}},"15":{"start":{"line":16,"column":0},"end":{"line":16,"column":1}},"16":{"start":{"line":17,"column":0},"end":{"line":17,"column":34}},"17":{"start":{"line":18,"column":0},"end":{"line":18,"column":26}},"18":{"start":{"line":19,"column":0},"end":{"line":19,"column":14}},"19":{"start":{"line":20,"column":0},"end":{"line":20,"column":27}},"20":{"start":{"line":21,"column":0},"end":{"line":21,"column":34}},"21":{"start":{"line":22,"column":0},"end":{"line":22,"column":5}},"22":{"start":{"line":23,"column":0},"end":{"line":23,"column":28}},"23":{"start":{"line":24,"column":0},"end":{"line":24,"column":56}},"24":{"start":{"line":25,"column":0},"end":{"line":25,"column":5}},"25":{"start":{"line":26,"column":0},"end":{"line":26,"column":1}},"26":{"start":{"line":27,"column":0},"end":{"line":27,"column":48}},"27":{"start":{"line":28,"column":0},"end":{"line":28,"column":25}},"28":{"start":{"line":29,"column":0},"end":{"line":29,"column":1}},"29":{"start":{"line":30,"column":0},"end":{"line":30,"column":46}}},"s":{"0":1,"1":1,"2":1,"3":1,"4":1,"5":3,"6":3,"7":3,"8":3,"9":3,"10":3,"11":0,"12":0,"13":0,"14":3,"15":3,"16":1,"17":3,"18":3,"19":3,"20":3,"21":3,"22":3,"23":3,"24":3,"25":3,"26":1,"27":1,"28":1,"29":1},"branchMap":{"0":{"type":"branch","line":1,"loc":{"start":{"line":1,"column":0},"end":{"line":30,"column":46}},"locations":[{"start":{"line":1,"column":0},"end":{"line":30,"column":46}}]},"1":{"type":"branch","line":1,"loc":{"start":{"line":1,"column":0},"end":{"line":30,"column":46}},"locations":[{"start":{"line":1,"column":0},"end":{"line":30,"column":46}}]},"2":{"type":"branch","line":6,"loc":{"start":{"line":6,"column":0},"end":{"line":16,"column":1}},"locations":[{"start":{"line":6,"column":0},"end":{"line":16,"column":1}}]},"3":{"type":"branch","line":8,"loc":{"start":{"line":8,"column":4},"end":{"line":15,"column":5}},"locations":[{"start":{"line":8,"column":4},"end":{"line":15,"column":5}}]},"4":{"type":"branch","line":12,"loc":{"start":{"line":12,"column":-1},"end":{"line":14,"column":9}},"locations":[{"start":{"line":12,"column":-1},"end":{"line":14,"column":9}}]},"5":{"type":"branch","line":18,"loc":{"start":{"line":18,"column":0},"end":{"line":26,"column":1}},"locations":[{"start":{"line":18,"column":0},"end":{"line":26,"column":1}}]},"6":{"type":"branch","line":20,"loc":{"start":{"line":20,"column":4},"end":{"line":22,"column":5}},"locations":[{"start":{"line":20,"column":4},"end":{"line":22,"column":5}}]},"7":{"type":"branch","line":23,"loc":{"start":{"line":23,"column":4},"end":{"line":25,"column":5}},"locations":[{"start":{"line":23,"column":4},"end":{"line":25,"column":5}}]}},"b":{"0":[1],"1":[1],"2":[3],"3":[3],"4":[0],"5":[3],"6":[3],"7":[3]},"fnMap":{"0":{"name":"Object.<anonymous>","decl":{"start":{"line":1,"column":0},"end":{"line":30,"column":46}},"loc":{"start":{"line":1,"column":0},"end":{"line":30,"column":46}},"line":1},"1":{"name":"<instance_members_initializer>","decl":{"start":{"line":6,"column":0},"end":{"line":16,"column":1}},"loc":{"start":{"line":6,"column":0},"end":{"line":16,"column":1}},"line":6},"2":{"name":"Web3Context","decl":{"start":{"line":8,"column":4},"end":{"line":15,"column":5}},"loc":{"start":{"line":8,"column":4},"end":{"line":15,"column":5}},"line":8},"3":{"name":"<instance_members_initializer>","decl":{"start":{"line":18,"column":0},"end":{"line":26,"column":1}},"loc":{"start":{"line":18,"column":0},"end":{"line":26,"column":1}},"line":18},"4":{"name":"Web3RequestManager","decl":{"start":{"line":20,"column":4},"end":{"line":22,"column":5}},"loc":{"start":{"line":20,"column":4},"end":{"line":22,"column":5}},"line":20},"5":{"name":"send","decl":{"start":{"line":23,"column":4},"end":{"line":25,"column":5}},"loc":{"start":{"line":23,"column":4},"end":{"line":25,"column":5}},"line":23}},"f":{"0":1,"1":3,"2":3,"3":3,"4":3,"5":3}}
,"/home/anon/Public/code/spacesailor24/web3.js/packages/web3-eth/lib/index.js": {"path":"/home/anon/Public/code/spacesailor24/web3.js/packages/web3-eth/lib/index.js","all":false,"statementMap":{"0":{"start":{"line":1,"column":0},"end":{"line":1,"column":13}},"1":{"start":{"line":2,"column":0},"end":{"line":2,"column":62}},"2":{"start":{"line":3,"column":0},"end":{"line":3,"column":90}},"3":{"start":{"line":4,"column":0},"end":{"line":4,"column":41}},"4":{"start":{"line":5,"column":0},"end":{"line":5,"column":71}},"5":{"start":{"line":6,"column":0},"end":{"line":6,"column":126}},"6":{"start":{"line":7,"column":0},"end":{"line":7,"column":63}},"7":{"start":{"line":8,"column":0},"end":{"line":8,"column":116}},"8":{"start":{"line":9,"column":0},"end":{"line":9,"column":15}},"9":{"start":{"line":10,"column":0},"end":{"line":10,"column":20}},"10":{"start":{"line":11,"column":0},"end":{"line":11,"column":33}},"11":{"start":{"line":12,"column":0},"end":{"line":12,"column":46}},"12":{"start":{"line":13,"column":0},"end":{"line":13,"column":5}},"13":{"start":{"line":14,"column":0},"end":{"line":14,"column":34}},"14":{"start":{"line":15,"column":0},"end":{"line":15,"column":87}},"15":{"start":{"line":16,"column":0},"end":{"line":16,"column":5}},"16":{"start":{"line":17,"column":0},"end":{"line":17,"column":1}},"17":{"start":{"line":18,"column":0},"end":{"line":18,"column":26}},"18":{"start":{"line":19,"column":0},"end":{"line":19,"column":59}},"19":{"start":{"line":20,"column":0},"end":{"line":20,"column":28}},"20":{"start":{"line":21,"column":0},"end":{"line":21,"column":26}},"21":{"start":{"line":22,"column":0},"end":{"line":22,"column":43}},"22":{"start":{"line":23,"column":0},"end":{"line":23,"column":5}},"23":{"start":{"line":24,"column":0},"end":{"line":24,"column":1}},"24":{"start":{"line":25,"column":0},"end":{"line":25,"column":38}}},"s":{"0":1,"1":1,"2":1,"3":1,"4":1,"5":1,"6":1,"7":1,"8":1,"9":1,"10":1,"11":1,"12":1,"13":1,"14":1,"15":1,"16":1,"17":1,"18":1,"19":1,"20":1,"21":1,"22":1,"23":1,"24":1},"branchMap":{"0":{"type":"branch","line":1,"loc":{"start":{"line":1,"column":0},"end":{"line":25,"column":38}},"locations":[{"start":{"line":1,"column":0},"end":{"line":25,"column":38}}]},"1":{"type":"branch","line":1,"loc":{"start":{"line":1,"column":0},"end":{"line":25,"column":38}},"locations":[{"start":{"line":1,"column":0},"end":{"line":25,"column":38}}]},"2":{"type":"branch","line":6,"loc":{"start":{"line":6,"column":71},"end":{"line":6,"column":122}},"locations":[{"start":{"line":6,"column":71},"end":{"line":6,"column":122}}]},"3":{"type":"branch","line":8,"loc":{"start":{"line":8,"column":68},"end":{"line":8,"column":112}},"locations":[{"start":{"line":8,"column":68},"end":{"line":8,"column":112}}]},"4":{"type":"branch","line":9,"loc":{"start":{"line":9,"column":0},"end":{"line":17,"column":1}},"locations":[{"start":{"line":9,"column":0},"end":{"line":17,"column":1}}]},"5":{"type":"branch","line":11,"loc":{"start":{"line":11,"column":4},"end":{"line":13,"column":5}},"locations":[{"start":{"line":11,"column":4},"end":{"line":13,"column":5}}]},"6":{"type":"branch","line":14,"loc":{"start":{"line":14,"column":4},"end":{"line":16,"column":5}},"locations":[{"start":{"line":14,"column":4},"end":{"line":16,"column":5}}]},"7":{"type":"branch","line":19,"loc":{"start":{"line":19,"column":0},"end":{"line":24,"column":1}},"locations":[{"start":{"line":19,"column":0},"end":{"line":24,"column":1}}]},"8":{"type":"branch","line":21,"loc":{"start":{"line":21,"column":4},"end":{"line":23,"column":5}},"locations":[{"start":{"line":21,"column":4},"end":{"line":23,"column":5}}]}},"b":{"0":[1],"1":[1],"2":[1],"3":[1],"4":[1],"5":[1],"6":[1],"7":[1],"8":[1]},"fnMap":{"0":{"name":"Object.<anonymous>","decl":{"start":{"line":1,"column":0},"end":{"line":25,"column":38}},"loc":{"start":{"line":1,"column":0},"end":{"line":25,"column":38}},"line":1},"1":{"name":"get","decl":{"start":{"line":6,"column":71},"end":{"line":6,"column":122}},"loc":{"start":{"line":6,"column":71},"end":{"line":6,"column":122}},"line":6},"2":{"name":"get","decl":{"start":{"line":8,"column":68},"end":{"line":8,"column":112}},"loc":{"start":{"line":8,"column":68},"end":{"line":8,"column":112}},"line":8},"3":{"name":"<instance_members_initializer>","decl":{"start":{"line":9,"column":0},"end":{"line":17,"column":1}},"loc":{"start":{"line":9,"column":0},"end":{"line":17,"column":1}},"line":9},"4":{"name":"Web3Eth","decl":{"start":{"line":11,"column":4},"end":{"line":13,"column":5}},"loc":{"start":{"line":11,"column":4},"end":{"line":13,"column":5}},"line":11},"5":{"name":"getGasPrice","decl":{"start":{"line":14,"column":4},"end":{"line":16,"column":5}},"loc":{"start":{"line":14,"column":4},"end":{"line":16,"column":5}},"line":14},"6":{"name":"<instance_members_initializer>","decl":{"start":{"line":19,"column":0},"end":{"line":24,"column":1}},"loc":{"start":{"line":19,"column":0},"end":{"line":24,"column":1}},"line":19},"7":{"name":"init","decl":{"start":{"line":21,"column":4},"end":{"line":23,"column":5}},"loc":{"start":{"line":21,"column":4},"end":{"line":23,"column":5}},"line":21}},"f":{"0":1,"1":1,"2":1,"3":1,"4":1,"5":1,"6":1,"7":1}}
,"/home/anon/Public/code/spacesailor24/web3.js/packages/web3-eth/lib/rpc_method_wrappers/get_block.js": {"path":"/home/anon/Public/code/spacesailor24/web3.js/packages/web3-eth/lib/rpc_method_wrappers/get_block.js","all":false,"statementMap":{"0":{"start":{"line":1,"column":0},"end":{"line":1,"column":13}},"1":{"start":{"line":2,"column":0},"end":{"line":2,"column":62}},"2":{"start":{"line":3,"column":0},"end":{"line":3,"column":26}},"3":{"start":{"line":4,"column":0},"end":{"line":4,"column":43}},"4":{"start":{"line":5,"column":0},"end":{"line":5,"column":96}},"5":{"start":{"line":6,"column":0},"end":{"line":6,"column":14}},"6":{"start":{"line":7,"column":0},"end":{"line":7,"column":57}},"7":{"start":{"line":8,"column":0},"end":{"line":8,"column":43}},"8":{"start":{"line":9,"column":0},"end":{"line":9,"column":29}},"9":{"start":{"line":10,"column":0},"end":{"line":10,"column":43}},"10":{"start":{"line":11,"column":0},"end":{"line":11,"column":61}},"11":{"start":{"line":12,"column":0},"end":{"line":12,"column":19}},"12":{"start":{"line":13,"column":0},"end":{"line":13,"column":28}},"13":{"start":{"line":14,"column":0},"end":{"line":14,"column":5}},"14":{"start":{"line":15,"column":0},"end":{"line":15,"column":10}},"15":{"start":{"line":16,"column":0},"end":{"line":16,"column":43}},"16":{"start":{"line":17,"column":0},"end":{"line":17,"column":29}},"17":{"start":{"line":18,"column":0},"end":{"line":18,"column":45}},"18":{"start":{"line":19,"column":0},"end":{"line":19,"column":61}},"19":{"start":{"line":20,"column":0},"end":{"line":20,"column":19}},"20":{"start":{"line":21,"column":0},"end":{"line":21,"column":28}},"21":{"start":{"line":22,"column":0},"end":{"line":22,"column":5}},"22":{"start":{"line":23,"column":0},"end":{"line":23,"column":17}},"23":{"start":{"line":24,"column":0},"end":{"line":24,"column":1}},"24":{"start":{"line":25,"column":0},"end":{"line":25,"column":28}}},"s":{"0":1,"1":1,"2":1,"3":1,"4":1,"5":1,"6":1,"7":0,"8":0,"9":0,"10":0,"11":0,"12":0,"13":0,"14":1,"15":1,"16":1,"17":1,"18":1,"19":1,"20":1,"21":1,"22":1,"23":1,"24":1},"branchMap":{"0":{"type":"branch","line":1,"loc":{"start":{"line":1,"column":0},"end":{"line":25,"column":28}},"locations":[{"start":{"line":1,"column":0},"end":{"line":25,"column":28}}]},"1":{"type":"branch","line":1,"loc":{"start":{"line":1,"column":0},"end":{"line":25,"column":28}},"locations":[{"start":{"line":1,"column":0},"end":{"line":25,"column":28}}]},"2":{"type":"branch","line":5,"loc":{"start":{"line":5,"column":0},"end":{"line":24,"column":1}},"locations":[{"start":{"line":5,"column":0},"end":{"line":24,"column":1}}]},"3":{"type":"branch","line":7,"loc":{"start":{"line":7,"column":56},"end":{"line":14,"column":5}},"locations":[{"start":{"line":7,"column":56},"end":{"line":14,"column":5}}]}},"b":{"0":[1],"1":[1],"2":[1],"3":[0]},"fnMap":{"0":{"name":"Object.<anonymous>","decl":{"start":{"line":1,"column":0},"end":{"line":25,"column":28}},"loc":{"start":{"line":1,"column":0},"end":{"line":25,"column":28}},"line":1},"1":{"name":"getBlock","decl":{"start":{"line":5,"column":0},"end":{"line":24,"column":1}},"loc":{"start":{"line":5,"column":0},"end":{"line":24,"column":1}},"line":5}},"f":{"0":1,"1":1}}
,"/home/anon/Public/code/spacesailor24/web3.js/packages/web3-eth/lib/rpc_method_wrappers/get_gas_price.js": {"path":"/home/anon/Public/code/spacesailor24/web3.js/packages/web3-eth/lib/rpc_method_wrappers/get_gas_price.js","all":false,"statementMap":{"0":{"start":{"line":1,"column":0},"end":{"line":1,"column":13}},"1":{"start":{"line":2,"column":0},"end":{"line":2,"column":62}},"2":{"start":{"line":3,"column":0},"end":{"line":3,"column":29}},"3":{"start":{"line":4,"column":0},"end":{"line":4,"column":61}},"4":{"start":{"line":5,"column":0},"end":{"line":5,"column":32}},"5":{"start":{"line":6,"column":0},"end":{"line":6,"column":25}},"6":{"start":{"line":7,"column":0},"end":{"line":7,"column":33}},"7":{"start":{"line":8,"column":0},"end":{"line":8,"column":21}},"8":{"start":{"line":9,"column":0},"end":{"line":9,"column":15}},"9":{"start":{"line":10,"column":0},"end":{"line":10,"column":24}},"10":{"start":{"line":11,"column":0},"end":{"line":11,"column":1}},"11":{"start":{"line":12,"column":0},"end":{"line":12,"column":34}}},"s":{"0":1,"1":1,"2":1,"3":2,"4":2,"5":2,"6":2,"7":2,"8":2,"9":2,"10":2,"11":1},"branchMap":{"0":{"type":"branch","line":1,"loc":{"start":{"line":1,"column":0},"end":{"line":12,"column":34}},"locations":[{"start":{"line":1,"column":0},"end":{"line":12,"column":34}}]},"1":{"type":"branch","line":1,"loc":{"start":{"line":1,"column":0},"end":{"line":12,"column":34}},"locations":[{"start":{"line":1,"column":0},"end":{"line":12,"column":34}}]},"2":{"type":"branch","line":4,"loc":{"start":{"line":4,"column":0},"end":{"line":11,"column":1}},"locations":[{"start":{"line":4,"column":0},"end":{"line":11,"column":1}}]}},"b":{"0":[1],"1":[1],"2":[2]},"fnMap":{"0":{"name":"Object.<anonymous>","decl":{"start":{"line":1,"column":0},"end":{"line":12,"column":34}},"loc":{"start":{"line":1,"column":0},"end":{"line":12,"column":34}},"line":1},"1":{"name":"getGasPrice","decl":{"start":{"line":4,"column":0},"end":{"line":11,"column":1}},"loc":{"start":{"line":4,"column":0},"end":{"line":11,"column":1}},"line":4}},"f":{"0":1,"1":2}}
,"/home/anon/Public/code/spacesailor24/web3.js/packages/web3-providers/lib/index.js": {"path":"/home/anon/Public/code/spacesailor24/web3.js/packages/web3-providers/lib/index.js","all":false,"statementMap":{"0":{"start":{"line":1,"column":0},"end":{"line":1,"column":13}},"1":{"start":{"line":2,"column":0},"end":{"line":2,"column":72}},"2":{"start":{"line":3,"column":0},"end":{"line":3,"column":62}},"3":{"start":{"line":4,"column":0},"end":{"line":4,"column":2}},"4":{"start":{"line":5,"column":0},"end":{"line":5,"column":62}},"5":{"start":{"line":6,"column":0},"end":{"line":6,"column":30}},"6":{"start":{"line":7,"column":0},"end":{"line":7,"column":62}},"7":{"start":{"line":8,"column":0},"end":{"line":8,"column":41}},"8":{"start":{"line":9,"column":0},"end":{"line":9,"column":20}},"9":{"start":{"line":10,"column":0},"end":{"line":10,"column":17}},"10":{"start":{"line":11,"column":0},"end":{"line":11,"column":39}},"11":{"start":{"line":12,"column":0},"end":{"line":12,"column":70}},"12":{"start":{"line":13,"column":0},"end":{"line":13,"column":85}},"13":{"start":{"line":14,"column":0},"end":{"line":14,"column":5}},"14":{"start":{"line":15,"column":0},"end":{"line":15,"column":43}},"15":{"start":{"line":16,"column":0},"end":{"line":16,"column":37}},"16":{"start":{"line":17,"column":0},"end":{"line":17,"column":87}},"17":{"start":{"line":18,"column":0},"end":{"line":18,"column":27}},"18":{"start":{"line":19,"column":0},"end":{"line":19,"column":22}},"19":{"start":{"line":20,"column":0},"end":{"line":20,"column":51}},"20":{"start":{"line":21,"column":0},"end":{"line":21,"column":14}},"21":{"start":{"line":22,"column":0},"end":{"line":22,"column":42}},"22":{"start":{"line":23,"column":0},"end":{"line":23,"column":11}},"23":{"start":{"line":24,"column":0},"end":{"line":24,"column":15}},"24":{"start":{"line":25,"column":0},"end":{"line":25,"column":25}},"25":{"start":{"line":26,"column":0},"end":{"line":26,"column":30}},"26":{"start":{"line":27,"column":0},"end":{"line":27,"column":39}},"27":{"start":{"line":28,"column":0},"end":{"line":28,"column":5}},"28":{"start":{"line":29,"column":0},"end":{"line":29,"column":1}},"29":{"start":{"line":30,"column":0},"end":{"line":30,"column":36}}},"s":{"0":1,"1":1,"2":1,"3":1,"4":1,"5":1,"6":1,"7":1,"8":3,"9":3,"10":3,"11":3,"12":3,"13":3,"14":3,"15":3,"16":3,"17":3,"18":3,"19":3,"20":3,"21":3,"22":3,"23":3,"24":3,"25":3,"26":3,"27":3,"28":3,"29":1},"branchMap":{"0":{"type":"branch","line":1,"loc":{"start":{"line":1,"column":0},"end":{"line":30,"column":36}},"locations":[{"start":{"line":1,"column":0},"end":{"line":30,"column":36}}]},"1":{"type":"branch","line":1,"loc":{"start":{"line":1,"column":0},"end":{"line":30,"column":36}},"locations":[{"start":{"line":1,"column":0},"end":{"line":30,"column":36}}]},"2":{"type":"branch","line":2,"loc":{"start":{"line":2,"column":56},"end":{"line":4,"column":1}},"locations":[{"start":{"line":2,"column":56},"end":{"line":4,"column":1}}]},"3":{"type":"branch","line":3,"loc":{"start":{"line":3,"column":35},"end":{"line":3,"column":40}},"locations":[{"start":{"line":3,"column":35},"end":{"line":3,"column":40}}]},"4":{"type":"branch","line":9,"loc":{"start":{"line":9,"column":0},"end":{"line":29,"column":1}},"locations":[{"start":{"line":9,"column":0},"end":{"line":29,"column":1}}]},"5":{"type":"branch","line":11,"loc":{"start":{"line":11,"column":4},"end":{"line":14,"column":5}},"locations":[{"start":{"line":11,"column":4},"end":{"line":14,"column":5}}]},"6":{"type":"branch","line":13,"loc":{"start":{"line":13,"column":62},"end":{"line":13,"column":84}},"locations":[{"start":{"line":13,"column":62},"end":{"line":13,"column":84}}]},"7":{"type":"branch","line":16,"loc":{"start":{"line":16,"column":4},"end":{"line":28,"column":5}},"locations":[{"start":{"line":16,"column":4},"end":{"line":28,"column":5}}]},"8":{"type":"branch","line":26,"loc":{"start":{"line":26,"column":12},"end":{"line":26,"column":30}},"locations":[{"start":{"line":26,"column":12},"end":{"line":26,"column":30}}]}},"b":{"0":[1],"1":[1],"2":[1],"3":[0],"4":[3],"5":[3],"6":[0],"7":[3],"8":[0]},"fnMap":{"0":{"name":"Object.<anonymous>","decl":{"start":{"line":1,"column":0},"end":{"line":30,"column":36}},"loc":{"start":{"line":1,"column":0},"end":{"line":30,"column":36}},"line":1},"1":{"name":"Object.<anonymous>.__importDefault","decl":{"start":{"line":2,"column":56},"end":{"line":4,"column":1}},"loc":{"start":{"line":2,"column":56},"end":{"line":4,"column":1}},"line":2},"2":{"name":"<instance_members_initializer>","decl":{"start":{"line":9,"column":0},"end":{"line":29,"column":1}},"loc":{"start":{"line":9,"column":0},"end":{"line":29,"column":1}},"line":9},"3":{"name":"HttpProvider","decl":{"start":{"line":11,"column":4},"end":{"line":14,"column":5}},"loc":{"start":{"line":11,"column":4},"end":{"line":14,"column":5}},"line":11},"4":{"name":"request","decl":{"start":{"line":16,"column":4},"end":{"line":28,"column":5}},"loc":{"start":{"line":16,"column":4},"end":{"line":28,"column":5}},"line":16}},"f":{"0":1,"1":1,"2":3,"3":3,"4":3}}
,"/home/anon/Public/code/spacesailor24/web3.js/packages/web3-utils/lib/index.js": {"path":"/home/anon/Public/code/spacesailor24/web3.js/packages/web3-utils/lib/index.js","all":false,"statementMap":{"0":{"start":{"line":1,"column":0},"end":{"line":1,"column":13}},"1":{"start":{"line":2,"column":0},"end":{"line":2,"column":62}},"2":{"start":{"line":3,"column":0},"end":{"line":3,"column":29}},"3":{"start":{"line":4,"column":0},"end":{"line":4,"column":56}},"4":{"start":{"line":5,"column":0},"end":{"line":5,"column":124}}},"s":{"0":1,"1":1,"2":1,"3":1,"4":1},"branchMap":{"0":{"type":"branch","line":1,"loc":{"start":{"line":1,"column":0},"end":{"line":5,"column":124}},"locations":[{"start":{"line":1,"column":0},"end":{"line":5,"column":124}}]},"1":{"type":"branch","line":1,"loc":{"start":{"line":1,"column":0},"end":{"line":5,"column":124}},"locations":[{"start":{"line":1,"column":0},"end":{"line":5,"column":124}}]},"2":{"type":"branch","line":5,"loc":{"start":{"line":5,"column":71},"end":{"line":5,"column":120}},"locations":[{"start":{"line":5,"column":71},"end":{"line":5,"column":120}}]}},"b":{"0":[1],"1":[1],"2":[1]},"fnMap":{"0":{"name":"Object.<anonymous>","decl":{"start":{"line":1,"column":0},"end":{"line":5,"column":124}},"loc":{"start":{"line":1,"column":0},"end":{"line":5,"column":124}},"line":1},"1":{"name":"get","decl":{"start":{"line":5,"column":71},"end":{"line":5,"column":120}},"loc":{"start":{"line":5,"column":71},"end":{"line":5,"column":120}},"line":5}},"f":{"0":1,"1":1}}
,"/home/anon/Public/code/spacesailor24/web3.js/packages/web3-utils/lib/validation/isHexString.js": {"path":"/home/anon/Public/code/spacesailor24/web3.js/packages/web3-utils/lib/validation/isHexString.js","all":false,"statementMap":{"0":{"start":{"line":1,"column":0},"end":{"line":1,"column":13}},"1":{"start":{"line":2,"column":0},"end":{"line":2,"column":62}},"2":{"start":{"line":3,"column":0},"end":{"line":3,"column":29}},"3":{"start":{"line":4,"column":0},"end":{"line":4,"column":100}},"4":{"start":{"line":5,"column":0},"end":{"line":5,"column":34}}},"s":{"0":1,"1":1,"2":1,"3":1,"4":1},"branchMap":{"0":{"type":"branch","line":1,"loc":{"start":{"line":1,"column":0},"end":{"line":5,"column":34}},"locations":[{"start":{"line":1,"column":0},"end":{"line":5,"column":34}}]},"1":{"type":"branch","line":1,"loc":{"start":{"line":1,"column":0},"end":{"line":5,"column":34}},"locations":[{"start":{"line":1,"column":0},"end":{"line":5,"column":34}}]},"2":{"type":"branch","line":4,"loc":{"start":{"line":4,"column":20},"end":{"line":4,"column":99}},"locations":[{"start":{"line":4,"column":20},"end":{"line":4,"column":99}}]}},"b":{"0":[1],"1":[1],"2":[1]},"fnMap":{"0":{"name":"Object.<anonymous>","decl":{"start":{"line":1,"column":0},"end":{"line":5,"column":34}},"loc":{"start":{"line":1,"column":0},"end":{"line":5,"column":34}},"line":1},"1":{"name":"isHexStrict","decl":{"start":{"line":4,"column":20},"end":{"line":4,"column":99}},"loc":{"start":{"line":4,"column":20},"end":{"line":4,"column":99}},"line":4}},"f":{"0":1,"1":1}}
,"/home/anon/Public/code/spacesailor24/web3.js/packages/web3/src/index.ts": {"path":"/home/anon/Public/code/spacesailor24/web3.js/packages/web3/src/index.ts","all":false,"statementMap":{"0":{"start":{"line":1,"column":0},"end":{"line":1,"column":66}},"1":{"start":{"line":2,"column":0},"end":{"line":2,"column":46}},"2":{"start":{"line":3,"column":0},"end":{"line":3,"column":0}},"3":{"start":{"line":4,"column":0},"end":{"line":4,"column":19}},"4":{"start":{"line":5,"column":0},"end":{"line":5,"column":52}},"5":{"start":{"line":6,"column":0},"end":{"line":6,"column":0}},"6":{"start":{"line":7,"column":0},"end":{"line":7,"column":16}},"7":{"start":{"line":8,"column":0},"end":{"line":8,"column":31}},"8":{"start":{"line":9,"column":0},"end":{"line":9,"column":37}},"9":{"start":{"line":10,"column":0},"end":{"line":10,"column":23}},"10":{"start":{"line":11,"column":0},"end":{"line":11,"column":5}},"11":{"start":{"line":12,"column":0},"end":{"line":12,"column":16}},"12":{"start":{"line":13,"column":0},"end":{"line":13,"column":31}},"13":{"start":{"line":14,"column":0},"end":{"line":14,"column":27}},"14":{"start":{"line":15,"column":0},"end":{"line":15,"column":24}},"15":{"start":{"line":16,"column":0},"end":{"line":16,"column":5}},"16":{"start":{"line":17,"column":0},"end":{"line":17,"column":16}},"17":{"start":{"line":18,"column":0},"end":{"line":18,"column":31}},"18":{"start":{"line":19,"column":0},"end":{"line":19,"column":59}},"19":{"start":{"line":20,"column":0},"end":{"line":20,"column":27}},"20":{"start":{"line":21,"column":0},"end":{"line":21,"column":5}},"21":{"start":{"line":22,"column":0},"end":{"line":22,"column":16}},"22":{"start":{"line":23,"column":0},"end":{"line":23,"column":31}},"23":{"start":{"line":24,"column":0},"end":{"line":24,"column":59}},"24":{"start":{"line":25,"column":0},"end":{"line":25,"column":27}},"25":{"start":{"line":26,"column":0},"end":{"line":26,"column":7}},"26":{"start":{"line":27,"column":0},"end":{"line":27,"column":68}},"27":{"start":{"line":28,"column":0},"end":{"line":28,"column":0}},"28":{"start":{"line":29,"column":0},"end":{"line":29,"column":76}},"29":{"start":{"line":30,"column":0},"end":{"line":30,"column":80}},"30":{"start":{"line":31,"column":0},"end":{"line":31,"column":75}},"31":{"start":{"line":32,"column":0},"end":{"line":32,"column":20}},"32":{"start":{"line":33,"column":0},"end":{"line":33,"column":52}},"33":{"start":{"line":34,"column":0},"end":{"line":34,"column":13}},"34":{"start":{"line":35,"column":0},"end":{"line":35,"column":9}},"35":{"start":{"line":36,"column":0},"end":{"line":36,"column":0}},"36":{"start":{"line":37,"column":0},"end":{"line":37,"column":62}},"37":{"start":{"line":38,"column":0},"end":{"line":38,"column":5}},"38":{"start":{"line":39,"column":0},"end":{"line":39,"column":0}},"39":{"start":{"line":40,"column":0},"end":{"line":40,"column":56}},"40":{"start":{"line":41,"column":0},"end":{"line":41,"column":39}},"41":{"start":{"line":42,"column":0},"end":{"line":42,"column":25}},"42":{"start":{"line":43,"column":0},"end":{"line":43,"column":81}},"43":{"start":{"line":44,"column":0},"end":{"line":44,"column":9}},"44":{"start":{"line":45,"column":0},"end":{"line":45,"column":5}},"45":{"start":{"line":46,"column":0},"end":{"line":46,"column":0}},"46":{"start":{"line":47,"column":0},"end":{"line":47,"column":46}},"47":{"start":{"line":48,"column":0},"end":{"line":48,"column":39}},"48":{"start":{"line":49,"column":0},"end":{"line":49,"column":25}},"49":{"start":{"line":50,"column":0},"end":{"line":50,"column":45}},"50":{"start":{"line":51,"column":0},"end":{"line":51,"column":29}},"51":{"start":{"line":52,"column":0},"end":{"line":52,"column":70}},"52":{"start":{"line":53,"column":0},"end":{"line":53,"column":13}},"53":{"start":{"line":54,"column":0},"end":{"line":54,"column":9}},"54":{"start":{"line":55,"column":0},"end":{"line":55,"column":5}},"55":{"start":{"line":56,"column":0},"end":{"line":56,"column":1}}},"s":{"0":1,"1":1,"2":1,"3":3,"4":3,"5":3,"6":3,"7":3,"8":3,"9":3,"10":3,"11":3,"12":3,"13":3,"14":3,"15":3,"16":3,"17":3,"18":3,"19":3,"20":3,"21":3,"22":3,"23":3,"24":3,"25":3,"26":3,"27":3,"28":3,"29":2,"30":1,"31":1,"32":1,"33":1,"34":2,"35":3,"36":3,"37":3,"38":3,"39":3,"40":1,"41":1,"42":1,"43":1,"44":1,"45":3,"46":3,"47":2,"48":2,"49":2,"50":2,"51":2,"52":2,"53":2,"54":2,"55":3},"branchMap":{"0":{"type":"branch","line":4,"loc":{"start":{"line":4,"column":0},"end":{"line":56,"column":1}},"locations":[{"start":{"line":4,"column":0},"end":{"line":56,"column":1}}]},"1":{"type":"branch","line":22,"loc":{"start":{"line":22,"column":4},"end":{"line":38,"column":5}},"locations":[{"start":{"line":22,"column":4},"end":{"line":38,"column":5}}]},"2":{"type":"branch","line":29,"loc":{"start":{"line":29,"column":75},"end":{"line":35,"column":9}},"locations":[{"start":{"line":29,"column":75},"end":{"line":35,"column":9}}]},"3":{"type":"branch","line":30,"loc":{"start":{"line":30,"column":79},"end":{"line":34,"column":13}},"locations":[{"start":{"line":30,"column":79},"end":{"line":34,"column":13}}]},"4":{"type":"branch","line":37,"loc":{"start":{"line":37,"column":35},"end":{"line":37,"column":62}},"locations":[{"start":{"line":37,"column":35},"end":{"line":37,"column":62}}]},"5":{"type":"branch","line":40,"loc":{"start":{"line":40,"column":12},"end":{"line":45,"column":5}},"locations":[{"start":{"line":40,"column":12},"end":{"line":45,"column":5}}]},"6":{"type":"branch","line":47,"loc":{"start":{"line":47,"column":12},"end":{"line":55,"column":5}},"locations":[{"start":{"line":47,"column":12},"end":{"line":55,"column":5}}]},"7":{"type":"branch","line":50,"loc":{"start":{"line":50,"column":32},"end":{"line":53,"column":13}},"locations":[{"start":{"line":50,"column":32},"end":{"line":53,"column":13}}]}},"b":{"0":[3],"1":[3],"2":[2],"3":[1],"4":[1],"5":[1],"6":[2],"7":[2]},"fnMap":{"0":{"name":"<instance_members_initializer>","decl":{"start":{"line":4,"column":0},"end":{"line":56,"column":1}},"loc":{"start":{"line":4,"column":0},"end":{"line":56,"column":1}},"line":4},"1":{"name":"Web3","decl":{"start":{"line":22,"column":4},"end":{"line":38,"column":5}},"loc":{"start":{"line":22,"column":4},"end":{"line":38,"column":5}},"line":22},"2":{"name":"_initPlugins","decl":{"start":{"line":40,"column":12},"end":{"line":45,"column":5}},"loc":{"start":{"line":40,"column":12},"end":{"line":45,"column":5}},"line":40},"3":{"name":"_initActions","decl":{"start":{"line":47,"column":12},"end":{"line":55,"column":5}},"loc":{"start":{"line":47,"column":12},"end":{"line":55,"column":5}},"line":47},"4":{"name":"<computed>","decl":{"start":{"line":50,"column":32},"end":{"line":53,"column":13}},"loc":{"start":{"line":50,"column":32},"end":{"line":53,"column":13}},"line":50}},"f":{"0":3,"1":3,"2":1,"3":2,"4":2}}
}
