TN:
SF:../web3-core/lib/index.js
FN:1,Object.<anonymous>
FN:6,<instance_members_initializer>
FN:8,Web3Context
FN:18,<instance_members_initializer>
FN:20,Web3RequestManager
FN:23,send
FNF:6
FNH:6
FNDA:1,Object.<anonymous>
FNDA:3,<instance_members_initializer>
FNDA:3,Web3Context
FNDA:3,<instance_members_initializer>
FNDA:3,Web3RequestManager
FNDA:3,send
DA:1,1
DA:2,1
DA:3,1
DA:4,1
DA:5,1
DA:6,3
DA:7,3
DA:8,3
DA:9,3
DA:10,3
DA:11,3
DA:12,0
DA:13,0
DA:14,0
DA:15,3
DA:16,3
DA:17,1
DA:18,3
DA:19,3
DA:20,3
DA:21,3
DA:22,3
DA:23,3
DA:24,3
DA:25,3
DA:26,3
DA:27,1
DA:28,1
DA:29,1
DA:30,1
LF:30
LH:27
BRDA:1,0,0,1
BRDA:1,1,0,1
BRDA:6,2,0,3
BRDA:8,3,0,3
BRDA:12,4,0,0
BRDA:18,5,0,3
BRDA:20,6,0,3
BRDA:23,7,0,3
BRF:8
BRH:7
end_of_record
TN:
SF:../web3-eth/lib/index.js
FN:1,Object.<anonymous>
FN:6,get
FN:8,get
FN:9,<instance_members_initializer>
FN:11,Web3Eth
FN:14,getGasPrice
FN:19,<instance_members_initializer>
FN:21,init
FNF:8
FNH:8
FNDA:1,Object.<anonymous>
FNDA:1,get
FNDA:1,get
FNDA:1,<instance_members_initializer>
FNDA:1,Web3Eth
FNDA:1,getGasPrice
FNDA:1,<instance_members_initializer>
FNDA:1,init
DA:1,1
DA:2,1
DA:3,1
DA:4,1
DA:5,1
DA:6,1
DA:7,1
DA:8,1
DA:9,1
DA:10,1
DA:11,1
DA:12,1
DA:13,1
DA:14,1
DA:15,1
DA:16,1
DA:17,1
DA:18,1
DA:19,1
DA:20,1
DA:21,1
DA:22,1
DA:23,1
DA:24,1
DA:25,1
LF:25
LH:25
BRDA:1,0,0,1
BRDA:1,1,0,1
BRDA:6,2,0,1
BRDA:8,3,0,1
BRDA:9,4,0,1
BRDA:11,5,0,1
BRDA:14,6,0,1
BRDA:19,7,0,1
BRDA:21,8,0,1
BRF:9
BRH:9
end_of_record
TN:
SF:../web3-eth/lib/rpc_method_wrappers/get_block.js
FN:1,Object.<anonymous>
FN:5,getBlock
FNF:2
FNH:2
FNDA:1,Object.<anonymous>
FNDA:1,getBlock
DA:1,1
DA:2,1
DA:3,1
DA:4,1
DA:5,1
DA:6,1
DA:7,1
DA:8,0
DA:9,0
DA:10,0
DA:11,0
DA:12,0
DA:13,0
DA:14,0
DA:15,1
DA:16,1
DA:17,1
DA:18,1
DA:19,1
DA:20,1
DA:21,1
DA:22,1
DA:23,1
DA:24,1
DA:25,1
LF:25
LH:18
BRDA:1,0,0,1
BRDA:1,1,0,1
BRDA:5,2,0,1
BRDA:7,3,0,0
BRF:4
BRH:3
end_of_record
TN:
SF:../web3-eth/lib/rpc_method_wrappers/get_gas_price.js
FN:1,Object.<anonymous>
FN:4,getGasPrice
FNF:2
FNH:2
FNDA:1,Object.<anonymous>
FNDA:2,getGasPrice
DA:1,1
DA:2,1
DA:3,1
DA:4,2
DA:5,2
DA:6,2
DA:7,2
DA:8,2
DA:9,2
DA:10,2
DA:11,2
DA:12,1
LF:12
LH:12
BRDA:1,0,0,1
BRDA:1,1,0,1
BRDA:4,2,0,2
BRF:3
BRH:3
end_of_record
TN:
SF:../web3-providers/lib/index.js
FN:1,Object.<anonymous>
FN:2,Object.<anonymous>.__importDefault
FN:9,<instance_members_initializer>
FN:11,HttpProvider
FN:16,request
FNF:5
FNH:5
FNDA:1,Object.<anonymous>
FNDA:1,Object.<anonymous>.__importDefault
FNDA:3,<instance_members_initializer>
FNDA:3,HttpProvider
FNDA:3,request
DA:1,1
DA:2,1
DA:3,1
DA:4,1
DA:5,1
DA:6,1
DA:7,1
DA:8,1
DA:9,3
DA:10,3
DA:11,3
DA:12,3
DA:13,3
DA:14,3
DA:15,3
DA:16,3
DA:17,3
DA:18,3
DA:19,3
DA:20,3
DA:21,3
DA:22,3
DA:23,3
DA:24,3
DA:25,3
DA:26,3
DA:27,3
DA:28,3
DA:29,3
DA:30,1
LF:30
LH:30
BRDA:1,0,0,1
BRDA:1,1,0,1
BRDA:2,2,0,1
BRDA:3,3,0,0
BRDA:9,4,0,3
BRDA:11,5,0,3
BRDA:13,6,0,0
BRDA:16,7,0,3
BRDA:26,8,0,0
BRF:9
BRH:6
end_of_record
TN:
SF:../web3-utils/lib/index.js
FN:1,Object.<anonymous>
FN:5,get
FNF:2
FNH:2
FNDA:1,Object.<anonymous>
FNDA:1,get
DA:1,1
DA:2,1
DA:3,1
DA:4,1
DA:5,1
LF:5
LH:5
BRDA:1,0,0,1
BRDA:1,1,0,1
BRDA:5,2,0,1
BRF:3
BRH:3
end_of_record
TN:
SF:../web3-utils/lib/validation/isHexString.js
FN:1,Object.<anonymous>
FN:4,isHexStrict
FNF:2
FNH:2
FNDA:1,Object.<anonymous>
FNDA:1,isHexStrict
DA:1,1
DA:2,1
DA:3,1
DA:4,1
DA:5,1
LF:5
LH:5
BRDA:1,0,0,1
BRDA:1,1,0,1
BRDA:4,2,0,1
BRF:3
BRH:3
end_of_record
TN:
SF:src/index.ts
FN:4,<instance_members_initializer>
FN:22,Web3
FN:40,_initPlugins
FN:47,_initActions
FN:50,<computed>
FNF:5
FNH:5
FNDA:3,<instance_members_initializer>
FNDA:3,Web3
FNDA:1,_initPlugins
FNDA:2,_initActions
FNDA:2,<computed>
DA:1,1
DA:2,1
DA:3,1
DA:4,3
DA:5,3
DA:6,3
DA:7,3
DA:8,3
DA:9,3
DA:10,3
DA:11,3
DA:12,3
DA:13,3
DA:14,3
DA:15,3
DA:16,3
DA:17,3
DA:18,3
DA:19,3
DA:20,3
DA:21,3
DA:22,3
DA:23,3
DA:24,3
DA:25,3
DA:26,3
DA:27,3
DA:28,3
DA:29,3
DA:30,2
DA:31,1
DA:32,1
DA:33,1
DA:34,1
DA:35,2
DA:36,3
DA:37,3
DA:38,3
DA:39,3
DA:40,3
DA:41,1
DA:42,1
DA:43,1
DA:44,1
DA:45,1
DA:46,3
DA:47,3
DA:48,2
DA:49,2
DA:50,2
DA:51,2
DA:52,2
DA:53,2
DA:54,2
DA:55,2
DA:56,3
LF:56
LH:56
BRDA:4,0,0,3
BRDA:22,1,0,3
BRDA:29,2,0,2
BRDA:30,3,0,1
BRDA:37,4,0,1
BRDA:40,5,0,1
BRDA:47,6,0,2
BRDA:50,7,0,2
BRF:8
BRH:8
end_of_record
